[debug] [2018-10-30T16:59:38.702Z] ----------------------------------------------------------------------
[debug] [2018-10-30T16:59:38.711Z] Command:       C:\Program Files\nodejs\node.exe C:\Users\Administrator\AppData\Roaming\npm\node_modules\firebase-tools\lib\bin\firebase.js serve
[debug] [2018-10-30T16:59:38.712Z] CLI Version:   6.0.0
[debug] [2018-10-30T16:59:38.712Z] Platform:      win32
[debug] [2018-10-30T16:59:38.712Z] Node Version:  v8.12.0
[debug] [2018-10-30T16:59:38.713Z] Time:          Tue Oct 30 2018 23:59:38 GMT+0700 (SE Asia Standard Time)
[debug] [2018-10-30T16:59:38.713Z] ----------------------------------------------------------------------
[debug] 
[debug] [2018-10-30T16:59:38.772Z] > command requires scopes: ["email","openid","https://www.googleapis.com/auth/cloudplatformprojects.readonly","https://www.googleapis.com/auth/firebase","https://www.googleapis.com/auth/cloud-platform"]
[debug] [2018-10-30T16:59:38.774Z] > authorizing via signed-in user
[debug] [2018-10-30T16:59:38.774Z] [iam] checking project shopee-77a26 for permissions ["firebase.projects.get"]
[debug] [2018-10-30T16:59:38.782Z] >>> HTTP REQUEST POST https://cloudresourcemanager.googleapis.com/v1/projects/shopee-77a26:testIamPermissions  

[debug] [2018-10-30T16:59:40.467Z] <<< HTTP RESPONSE 200
[debug] [2018-10-30T16:59:40.471Z] >>> HTTP REQUEST GET https://cloudresourcemanager.googleapis.com/v1/projects/shopee-77a26  
 
[debug] [2018-10-30T16:59:41.845Z] <<< HTTP RESPONSE 200
[info] 
[info] === Serving from 'F:\ปี3เทอม1\mobile\project\QuizMobile1'...
[info] 
[debug] [2018-10-30T16:59:41.853Z] >>> HTTP REQUEST GET https://mobilesdk-pa.googleapis.com/v1/projects/23415238409/clients/_:getWebAppConfig  
 
[debug] [2018-10-30T16:59:42.585Z] <<< HTTP RESPONSE 200
[info] i  hosting: Serving hosting files from: public
[info] +  hosting: Local server: http://localhost:5000
